2022-06-17 22:32:03,265 :INFO :test_formSubmission :First Name is:Sankalp
2022-06-17 22:32:04,460 :INFO :test_formSubmission :First Name is:TestGirl
2022-06-17 22:32:04,460 :INFO :test_formSubmission :First Name is:TestGirl
2022-06-17 22:32:23,679 :INFO :test_e2e :Getting all the shop items
2022-06-17 22:32:23,814 :INFO :test_e2e :iphone X
2022-06-17 22:32:23,828 :INFO :test_e2e :Samsung Note 8
2022-06-17 22:32:23,841 :INFO :test_e2e :Nokia Edge
2022-06-17 22:32:23,870 :INFO :test_e2e :Blackberry
2022-06-17 22:32:30,059 :INFO :test_e2e :×
Success! Thank you! Your order will be delivered in next few weeks :-).
2022-06-17 22:43:40,264 :INFO :test_formSubmission :First Name is:Sankalp
2022-06-17 22:43:41,520 :INFO :test_formSubmission :First Name is:TestGirl
2022-06-17 22:43:41,520 :INFO :test_formSubmission :First Name is:TestGirl
2022-06-17 22:44:23,329 :INFO :test_e2e :Getting all the shop items
2022-06-17 22:44:23,458 :INFO :test_e2e :iphone X
2022-06-17 22:44:23,471 :INFO :test_e2e :Samsung Note 8
2022-06-17 22:44:23,484 :INFO :test_e2e :Nokia Edge
2022-06-17 22:44:23,512 :INFO :test_e2e :Blackberry
2022-06-17 22:44:29,668 :INFO :test_e2e :×
Success! Thank you! Your order will be delivered in next few weeks :-).
2022-06-18 09:38:58,945 :INFO :test_formSubmission :First Name is:Sankalp
2022-06-18 09:39:00,641 :INFO :test_formSubmission :First Name is:TestGirl
2022-06-18 09:39:00,641 :INFO :test_formSubmission :First Name is:TestGirl
2022-06-18 09:39:24,060 :INFO :test_e2e :Getting all the shop items
2022-06-18 09:39:24,105 :INFO :test_e2e :iphone X
2022-06-18 09:39:24,114 :INFO :test_e2e :Samsung Note 8
2022-06-18 09:39:24,120 :INFO :test_e2e :Nokia Edge
2022-06-18 09:39:24,127 :INFO :test_e2e :Blackberry
2022-06-18 09:39:30,585 :INFO :test_e2e :×
Success! Thank you! Your order will be delivered in next few weeks :-).
2022-06-18 09:46:16,088 :INFO :test_formSubmission :First Name is:Sankalp
2022-06-18 09:46:17,180 :INFO :test_formSubmission :First Name is:TestGirl
2022-06-18 09:46:17,180 :INFO :test_formSubmission :First Name is:TestGirl
2022-06-18 09:46:55,023 :INFO :test_e2e :Getting all the shop items
2022-06-18 09:46:55,058 :INFO :test_e2e :iphone X
2022-06-18 09:46:55,068 :INFO :test_e2e :Samsung Note 8
2022-06-18 09:46:55,074 :INFO :test_e2e :Nokia Edge
2022-06-18 09:46:55,080 :INFO :test_e2e :Blackberry
2022-06-18 09:47:01,544 :INFO :test_e2e :×
Success! Thank you! Your order will be delivered in next few weeks :-).
2022-06-18 09:48:52,371 :INFO :test_formSubmission :First Name is:Sankalp
2022-06-18 09:48:56,519 :INFO :test_formSubmission :First Name is:TestGirl
2022-06-18 09:48:56,519 :INFO :test_formSubmission :First Name is:TestGirl
2022-06-18 09:49:34,181 :INFO :test_e2e :Getting all the shop items
2022-06-18 09:49:34,217 :INFO :test_e2e :iphone X
2022-06-18 09:49:34,229 :INFO :test_e2e :Samsung Note 8
2022-06-18 09:49:34,234 :INFO :test_e2e :Nokia Edge
2022-06-18 09:49:34,241 :INFO :test_e2e :Blackberry
2022-06-18 09:49:34,713 :INFO :test_e2e :The product in checkout page is different
2022-06-18 09:53:13,195 :INFO :test_formSubmission :First Name is:Sankalp
2022-06-18 09:53:14,448 :INFO :test_formSubmission :First Name is:TestGirl
2022-06-18 09:53:14,448 :INFO :test_formSubmission :First Name is:TestGirl
2022-06-18 09:53:31,863 :INFO :test_e2e :Getting all the shop items
2022-06-18 09:53:32,016 :INFO :test_e2e :iphone X
2022-06-18 09:53:32,030 :INFO :test_e2e :Samsung Note 8
2022-06-18 09:53:32,043 :INFO :test_e2e :Nokia Edge
2022-06-18 09:53:32,070 :INFO :test_e2e :Blackberry
2022-06-18 09:53:32,519 :INFO :test_e2e :The product in checkout page is different
2022-06-18 09:55:00,173 :INFO :test_formSubmission :First Name is:Sankalp
2022-06-18 09:55:01,408 :INFO :test_formSubmission :First Name is:TestGirl
2022-06-18 09:55:01,408 :INFO :test_formSubmission :First Name is:TestGirl
2022-06-18 09:55:20,740 :INFO :test_e2e :Getting all the shop items
2022-06-18 09:55:20,883 :INFO :test_e2e :iphone X
2022-06-18 09:55:20,896 :INFO :test_e2e :Samsung Note 8
2022-06-18 09:55:20,911 :INFO :test_e2e :Nokia Edge
2022-06-18 09:55:20,928 :INFO :test_e2e :Blackberry
2022-06-18 09:55:21,395 :INFO :test_e2e :The product in checkout page is different
2022-06-18 09:57:27,595 :INFO :test_formSubmission :First Name is:Sankalp
2022-06-18 09:57:28,767 :INFO :test_formSubmission :First Name is:TestGirl
2022-06-18 09:57:28,767 :INFO :test_formSubmission :First Name is:TestGirl
2022-06-18 09:58:24,914 :INFO :test_e2e :Getting all the shop items
2022-06-18 09:58:24,959 :INFO :test_e2e :iphone X
2022-06-18 09:58:24,972 :INFO :test_e2e :Samsung Note 8
2022-06-18 09:58:24,985 :INFO :test_e2e :Nokia Edge
2022-06-18 09:58:25,017 :INFO :test_e2e :Blackberry
2022-06-18 09:58:25,509 :INFO :test_e2e :The product in checkout page is different
2022-06-18 10:01:14,298 :INFO :test_formSubmission :First Name is:Sankalp
2022-06-18 10:01:15,595 :INFO :test_formSubmission :First Name is:TestGirl
2022-06-18 10:01:15,595 :INFO :test_formSubmission :First Name is:TestGirl
2022-06-18 10:02:57,801 :INFO :test_e2e :Getting all the shop items
2022-06-18 10:02:57,933 :INFO :test_e2e :iphone X
2022-06-18 10:02:57,947 :INFO :test_e2e :Samsung Note 8
2022-06-18 10:02:57,960 :INFO :test_e2e :Nokia Edge
2022-06-18 10:02:57,976 :INFO :test_e2e :Blackberry
2022-06-18 10:02:58,434 :INFO :test_e2e :The product in checkout page is different
2022-06-18 10:11:05,696 :INFO :test_formSubmission :First Name is:Sankalp
2022-06-18 10:11:07,085 :INFO :test_formSubmission :First Name is:TestGirl
2022-06-18 10:11:07,085 :INFO :test_formSubmission :First Name is:TestGirl
2022-06-18 10:12:49,742 :INFO :test_e2e :Getting all the shop items
2022-06-18 10:12:49,787 :INFO :test_e2e :iphone X
2022-06-18 10:12:49,801 :INFO :test_e2e :Samsung Note 8
2022-06-18 10:12:49,814 :INFO :test_e2e :Nokia Edge
2022-06-18 10:12:49,845 :INFO :test_e2e :Blackberry
2022-06-18 10:12:50,321 :INFO :test_e2e :The product in checkout page is different
2022-06-18 10:39:25,604 :INFO :test_formSubmission :First Name is:Sankalp
2022-06-18 10:39:26,965 :INFO :test_formSubmission :First Name is:TestGirl
2022-06-18 10:39:26,965 :INFO :test_formSubmission :First Name is:TestGirl
2022-06-18 10:40:01,702 :INFO :test_e2e :Getting all the shop items
2022-06-18 10:40:01,855 :INFO :test_e2e :iphone X
2022-06-18 10:40:01,869 :INFO :test_e2e :Samsung Note 8
2022-06-18 10:40:01,883 :INFO :test_e2e :Nokia Edge
2022-06-18 10:40:01,912 :INFO :test_e2e :Blackberry
2022-06-18 10:40:02,422 :INFO :test_e2e :The product in checkout page is different
2022-06-18 10:50:53,920 :INFO :test_e2e :Getting all the shop items
2022-06-18 10:50:54,064 :INFO :test_e2e :iphone X
2022-06-18 10:50:54,077 :INFO :test_e2e :Samsung Note 8
2022-06-18 10:50:54,092 :INFO :test_e2e :Nokia Edge
2022-06-18 10:50:54,119 :INFO :test_e2e :Blackberry
2022-06-18 10:50:54,591 :INFO :test_e2e :The product in checkout page is different
2022-06-18 10:53:28,683 :INFO :test_e2e :Getting all the shop items
2022-06-18 10:53:28,840 :INFO :test_e2e :iphone X
2022-06-18 10:53:28,853 :INFO :test_e2e :Samsung Note 8
2022-06-18 10:53:28,866 :INFO :test_e2e :Nokia Edge
2022-06-18 10:53:28,893 :INFO :test_e2e :Blackberry
2022-06-18 10:53:29,396 :INFO :test_e2e :The product in checkout page is different
2022-06-18 10:55:57,860 :INFO :test_e2e :Getting all the shop items
2022-06-18 10:55:58,005 :INFO :test_e2e :iphone X
2022-06-18 10:55:58,020 :INFO :test_e2e :Samsung Note 8
2022-06-18 10:55:58,034 :INFO :test_e2e :Nokia Edge
2022-06-18 10:55:58,062 :INFO :test_e2e :Blackberry
2022-06-18 10:55:58,534 :INFO :test_e2e :The product in checkout page is different
2022-06-18 10:58:30,752 :INFO :test_e2e :Getting all the shop items
2022-06-18 10:58:30,890 :INFO :test_e2e :iphone X
2022-06-18 10:58:30,904 :INFO :test_e2e :Samsung Note 8
2022-06-18 10:58:30,917 :INFO :test_e2e :Nokia Edge
2022-06-18 10:58:30,945 :INFO :test_e2e :Blackberry
2022-06-18 10:58:31,410 :INFO :test_e2e :The product in checkout page is different
2022-06-18 11:00:16,512 :INFO :test_e2e :Getting all the shop items
2022-06-18 11:00:16,647 :INFO :test_e2e :iphone X
2022-06-18 11:00:16,660 :INFO :test_e2e :Samsung Note 8
2022-06-18 11:00:16,673 :INFO :test_e2e :Nokia Edge
2022-06-18 11:00:16,705 :INFO :test_e2e :Blackberry
2022-06-18 11:00:17,180 :INFO :test_e2e :The product in checkout page is different
2022-06-18 11:02:09,132 :INFO :test_e2e :Getting all the shop items
2022-06-18 11:02:09,176 :INFO :test_e2e :iphone X
2022-06-18 11:02:09,189 :INFO :test_e2e :Samsung Note 8
2022-06-18 11:02:09,202 :INFO :test_e2e :Nokia Edge
2022-06-18 11:02:09,215 :INFO :test_e2e :Blackberry
2022-06-18 11:02:10,219 :INFO :test_e2e :The product in checkout page is different
2022-06-18 11:08:44,005 :INFO :test_formSubmission :First Name is:Sankalp
2022-06-18 11:08:45,257 :INFO :test_formSubmission :First Name is:TestGirl
2022-06-18 11:08:45,257 :INFO :test_formSubmission :First Name is:TestGirl
2022-06-18 11:09:26,813 :INFO :test_e2e :Getting all the shop items
2022-06-18 11:09:26,946 :INFO :test_e2e :iphone X
2022-06-18 11:09:26,959 :INFO :test_e2e :Samsung Note 8
2022-06-18 11:09:26,972 :INFO :test_e2e :Nokia Edge
2022-06-18 11:09:27,000 :INFO :test_e2e :Blackberry
2022-06-18 11:09:27,467 :INFO :test_e2e :The product in checkout page is different
2022-06-18 11:13:31,719 :INFO :test_formSubmission :First Name is:Sankalp
2022-06-18 11:15:27,483 :INFO :test_formSubmission :First Name is:Sankalp
2022-06-18 11:15:28,602 :INFO :test_formSubmission :First Name is:TestGirl
2022-06-18 11:15:28,602 :INFO :test_formSubmission :First Name is:TestGirl
2022-06-18 11:15:49,779 :INFO :test_e2e :Getting all the shop items
2022-06-18 11:15:49,818 :INFO :test_e2e :iphone X
2022-06-18 11:15:49,828 :INFO :test_e2e :Samsung Note 8
2022-06-18 11:15:49,834 :INFO :test_e2e :Nokia Edge
2022-06-18 11:15:49,840 :INFO :test_e2e :Blackberry
2022-06-18 11:15:50,315 :INFO :test_e2e :The product in checkout page is different
2022-06-18 11:31:08,632 :INFO :test_e2e :Getting all the shop items
2022-06-18 11:31:08,672 :INFO :test_e2e :iphone X
2022-06-18 11:31:08,681 :INFO :test_e2e :Samsung Note 8
2022-06-18 11:31:08,688 :INFO :test_e2e :Nokia Edge
2022-06-18 11:31:08,694 :INFO :test_e2e :Blackberry
2022-06-18 11:31:09,169 :INFO :test_e2e :The product in checkout page is different
2022-06-18 11:32:35,980 :INFO :test_e2e :Getting all the shop items
2022-06-18 11:32:36,022 :INFO :test_e2e :iphone X
2022-06-18 11:32:36,033 :INFO :test_e2e :Samsung Note 8
2022-06-18 11:32:36,039 :INFO :test_e2e :Nokia Edge
2022-06-18 11:32:36,045 :INFO :test_e2e :Blackberry
2022-06-18 11:32:36,520 :INFO :test_e2e :The product in checkout page is different
2022-06-18 11:34:35,693 :INFO :test_e2e :Getting all the shop items
2022-06-18 11:34:35,739 :INFO :test_e2e :iphone X
2022-06-18 11:34:35,749 :INFO :test_e2e :Samsung Note 8
2022-06-18 11:34:35,754 :INFO :test_e2e :Nokia Edge
2022-06-18 11:34:35,761 :INFO :test_e2e :Blackberry
2022-06-18 11:34:36,238 :INFO :test_e2e :The product in checkout page is different
2022-06-18 11:59:12,231 :INFO :test_formSubmission :First Name is:Sankalp
2022-06-18 11:59:13,519 :INFO :test_formSubmission :First Name is:TestGirl
2022-06-18 11:59:13,519 :INFO :test_formSubmission :First Name is:TestGirl
2022-06-18 11:59:47,639 :INFO :test_e2e :Getting all the shop items
2022-06-18 11:59:47,779 :INFO :test_e2e :iphone X
2022-06-18 11:59:47,793 :INFO :test_e2e :Samsung Note 8
2022-06-18 11:59:47,808 :INFO :test_e2e :Nokia Edge
2022-06-18 11:59:47,823 :INFO :test_e2e :Blackberry
2022-06-18 11:59:54,160 :INFO :test_e2e :×
Success! Thank you! Your order will be delivered in next few weeks :-).
2022-06-18 12:01:41,743 :INFO :test_formSubmission :First Name is:Sankalp
2022-06-18 12:01:42,961 :INFO :test_formSubmission :First Name is:TestGirl
2022-06-18 12:01:42,961 :INFO :test_formSubmission :First Name is:TestGirl
2022-06-18 12:03:07,262 :INFO :test_e2e :Getting all the shop items
2022-06-18 12:03:07,307 :INFO :test_e2e :iphone X
2022-06-18 12:03:07,320 :INFO :test_e2e :Samsung Note 8
2022-06-18 12:03:07,333 :INFO :test_e2e :Nokia Edge
2022-06-18 12:03:07,364 :INFO :test_e2e :Blackberry
2022-06-18 12:03:13,655 :INFO :test_e2e :×
Success! Thank you! Your order will be delivered in next few weeks :-).
2022-06-18 12:16:48,941 :INFO :test_formSubmission :First Name is:Sankalp
2022-06-18 12:16:50,199 :INFO :test_formSubmission :First Name is:TestGirl
2022-06-18 12:16:50,199 :INFO :test_formSubmission :First Name is:TestGirl
2022-06-18 12:18:16,602 :INFO :test_e2e :Getting all the shop items
2022-06-18 12:18:16,645 :INFO :test_e2e :iphone X
2022-06-18 12:18:16,658 :INFO :test_e2e :Samsung Note 8
2022-06-18 12:18:16,676 :INFO :test_e2e :Nokia Edge
2022-06-18 12:18:16,689 :INFO :test_e2e :Blackberry
2022-06-18 12:18:23,478 :INFO :test_e2e :×
Success! Thank you! Your order will be delivered in next few weeks :-).
2022-06-18 12:28:43,981 :INFO :test_formSubmission :First Name is:Sankalp
2022-06-18 12:28:45,099 :INFO :test_formSubmission :First Name is:TestGirl
2022-06-18 12:28:45,099 :INFO :test_formSubmission :First Name is:TestGirl
2022-06-18 12:29:44,052 :INFO :test_e2e :Getting all the shop items
2022-06-18 12:29:44,093 :INFO :test_e2e :iphone X
2022-06-18 12:29:44,103 :INFO :test_e2e :Samsung Note 8
2022-06-18 12:29:44,108 :INFO :test_e2e :Nokia Edge
2022-06-18 12:29:44,114 :INFO :test_e2e :Blackberry
2022-06-18 12:29:50,576 :INFO :test_e2e :×
Success! Thank you! Your order will be delivered in next few weeks :-).
2022-06-18 22:19:38,892 :INFO :test_formSubmission :First Name is:Sankalp
2022-06-18 22:19:39,908 :INFO :test_formSubmission :First Name is:TestGirl
2022-06-18 22:19:39,908 :INFO :test_formSubmission :First Name is:TestGirl
2022-06-18 22:19:56,178 :INFO :test_e2e :Getting all the shop items
2022-06-18 22:19:56,212 :INFO :test_e2e :iphone X
2022-06-18 22:19:56,222 :INFO :test_e2e :Samsung Note 8
2022-06-18 22:19:56,228 :INFO :test_e2e :Nokia Edge
2022-06-18 22:19:56,234 :INFO :test_e2e :Blackberry
2022-06-18 22:19:56,709 :INFO :test_e2e :The product in checkout page is different
2022-06-18 22:58:40,907 :INFO :test_formSubmission :Logged into the system
2022-06-18 22:58:47,106 :INFO :test_formSubmission :This is the loggged in profile welcomeHI - NOAH
2022-06-23 09:03:53,497 :INFO :test_formSubmission :First Name is:Sankalp
2022-06-23 09:03:54,864 :INFO :test_formSubmission :First Name is:TestGirl
2022-06-23 09:03:54,864 :INFO :test_formSubmission :First Name is:TestGirl
2022-06-23 09:04:04,055 :INFO :test_e2e :Getting all the shop items
2022-06-23 09:04:04,104 :INFO :test_e2e :iphone X
2022-06-23 09:04:04,119 :INFO :test_e2e :Samsung Note 8
2022-06-23 09:04:04,146 :INFO :test_e2e :Nokia Edge
2022-06-23 09:04:04,161 :INFO :test_e2e :Blackberry
2022-06-23 09:04:11,079 :INFO :test_e2e :×
Success! Thank you! Your order will be delivered in next few weeks :-).
